TN:
SF:script/CellarMultiAssetManager.s.sol
FN:28,CellarMultiAssetManagerScript.run
FNDA:0,CellarMultiAssetManagerScript.run
DA:29,0
DA:30,0
DA:31,0
DA:32,0
DA:34,0
DA:35,0
DA:36,0
DA:38,0
DA:41,0
DA:43,0
FN:46,CellarMultiAssetManagerScript.createMultiAssetCellar
FNDA:0,CellarMultiAssetManagerScript.createMultiAssetCellar
DA:48,0
DA:49,0
DA:50,0
DA:51,0
DA:53,0
DA:54,0
DA:55,0
DA:56,0
DA:58,0
FNF:2
FNH:0
LF:19
LH:0
BRF:0
BRH:0
end_of_record
TN:
SF:src/CellarRouter.sol
FN:48,CellarRouter.depositWithPermit
FNDA:0,CellarRouter.depositWithPermit
DA:55,0
DA:58,0
DA:59,0
DA:62,0
DA:65,0
DA:68,0
FN:83,CellarRouter.depositAndSwap
FNDA:1027,CellarRouter.depositAndSwap
DA:91,1027
DA:94,1026
DA:95,1026
DA:96,1026
DA:97,1026
DA:100,1025
DA:103,1025
DA:106,769
DA:107,769
BRDA:107,0,0,-
BRDA:107,0,1,1
FN:124,CellarRouter.depositAndSwapWithPermit
FNDA:0,CellarRouter.depositAndSwapWithPermit
DA:134,0
DA:135,0
DA:138,0
FN:156,CellarRouter.withdrawAndSwap
FNDA:1,CellarRouter.withdrawAndSwap
DA:164,1
DA:167,1
DA:170,1
DA:172,1
BRDA:172,1,0,-
BRDA:172,1,1,1
DA:174,1
DA:175,1
DA:177,3
DA:178,3
DA:185,1
DA:186,4
DA:189,1
DA:192,1
DA:193,4
DA:196,4
DA:199,4
DA:200,4
BRDA:200,2,0,-
BRDA:200,2,1,-
FN:219,CellarRouter.withdrawAndSwapWithPermit
FNDA:0,CellarRouter.withdrawAndSwapWithPermit
DA:229,0
DA:230,0
DA:233,0
FN:252,CellarRouter._splitSignature
FNDA:0,CellarRouter._splitSignature
DA:261,0
BRDA:261,3,0,-
BRDA:261,3,1,-
DA:266,0
DA:269,0
DA:272,0
FN:282,CellarRouter._getBalancesBefore
FNDA:0,CellarRouter._getBalancesBefore
DA:287,0
DA:289,0
DA:290,0
DA:292,0
FN:301,CellarRouter._getPositionAssets
FNDA:1,CellarRouter._getPositionAssets
DA:302,1
DA:304,1
DA:306,1
DA:307,4
DA:308,4
DA:310,4
FNF:8
FNH:3
LF:51
LH:31
BRF:8
BRH:2
end_of_record
TN:
SF:src/Registry.sol
FN:48,Registry.setApprovedForDepositOnBehalf
FNDA:515,Registry.setApprovedForDepositOnBehalf
DA:49,515
DA:50,515
FN:56,Registry.setAddress
FNDA:2,Registry.setAddress
DA:57,2
BRDA:57,0,0,1
BRDA:57,0,1,1
DA:59,1
DA:61,1
FN:94,Registry.register
FNDA:1,Registry.register
DA:95,1
FN:98,Registry._register
FNDA:1,Registry._register
DA:99,1
DA:101,1
DA:103,1
FNF:4
FNH:4
LF:9
LH:9
BRF:2
BRH:2
end_of_record
TN:
SF:src/base/Cellar.sol
FN:137,Cellar.getPositions
FNDA:16,Cellar.getPositions
DA:138,16
FN:151,Cellar.addPosition
FNDA:5,Cellar.addPosition
DA:152,4
BRDA:152,0,0,1
BRDA:152,0,1,3
DA:153,3
BRDA:153,1,0,1
BRDA:153,1,1,2
DA:156,2
BRDA:156,2,0,1
BRDA:156,2,1,1
DA:159,1
DA:160,1
DA:162,1
FN:171,Cellar.pushPosition
FNDA:299,Cellar.pushPosition
DA:172,298
BRDA:172,3,0,1
BRDA:172,3,1,297
DA:173,297
BRDA:173,4,0,1
BRDA:173,4,1,296
DA:176,296
BRDA:176,5,0,1
BRDA:176,5,1,295
DA:179,295
DA:180,295
DA:182,295
FN:189,Cellar.removePosition
FNDA:3,Cellar.removePosition
DA:191,3
DA:194,3
DA:195,3
BRDA:195,6,0,1
BRDA:195,6,1,2
DA:196,2
BRDA:196,7,0,1
BRDA:196,7,1,1
DA:199,1
DA:200,1
DA:202,1
FN:210,Cellar.popPosition
FNDA:4,Cellar.popPosition
DA:212,4
DA:213,4
DA:216,4
DA:217,4
BRDA:217,8,0,1
BRDA:217,8,1,3
DA:218,3
BRDA:218,9,0,1
BRDA:218,9,1,2
DA:221,2
DA:222,2
DA:224,2
FN:232,Cellar.replacePosition
FNDA:6,Cellar.replacePosition
DA:233,5
BRDA:233,10,0,1
BRDA:233,10,1,4
DA:234,4
BRDA:234,11,0,1
BRDA:234,11,1,3
DA:237,3
DA:240,3
DA:241,3
BRDA:241,12,0,1
BRDA:241,12,1,2
DA:242,2
BRDA:242,13,0,1
BRDA:242,13,1,1
DA:245,1
DA:246,1
DA:247,1
DA:249,1
FN:257,Cellar.swapPositions
FNDA:259,Cellar.swapPositions
DA:259,259
DA:260,259
DA:263,259
DA:265,259
FN:298,Cellar.trustPosition
FNDA:297,Cellar.trustPosition
DA:300,297
DA:303,297
DA:306,297
DA:307,297
BRDA:307,14,0,1
BRDA:307,14,1,296
DA:308,1
DA:310,296
FN:317,Cellar.distrustPosition
FNDA:7,Cellar.distrustPosition
DA:319,7
DA:323,7
BRDA:323,15,0,2
BRDA:323,15,1,3
DA:324,6
DA:326,6
BRDA:326,16,0,1
BRDA:326,16,1,5
DA:327,5
BRDA:327,17,0,2
BRDA:327,17,1,3
DA:329,3
DA:330,3
DA:336,4
FN:371,Cellar.setWithdrawType
FNDA:263,Cellar.setWithdrawType
DA:372,263
DA:374,263
FN:402,Cellar.setHoldingPosition
FNDA:5,Cellar.setHoldingPosition
DA:403,5
BRDA:403,18,0,1
BRDA:403,18,1,4
DA:405,4
DA:406,4
BRDA:406,19,0,1
BRDA:406,19,1,3
DA:408,3
DA:410,3
FN:527,Cellar.setPlatformFee
FNDA:1283,Cellar.setPlatformFee
DA:528,1283
BRDA:528,20,0,1
BRDA:528,20,1,1282
DA:529,1282
DA:531,1282
FN:538,Cellar.setPerformanceFee
FNDA:1284,Cellar.setPerformanceFee
DA:539,1284
BRDA:539,21,0,1
BRDA:539,21,1,1283
DA:540,1283
DA:542,1283
FN:551,Cellar.setFeesDistributor
FNDA:2,Cellar.setFeesDistributor
DA:552,2
BRDA:552,22,0,1
BRDA:552,22,1,1
DA:553,1
DA:555,1
FN:562,Cellar.setStrategistPerformanceCut
FNDA:1794,Cellar.setStrategistPerformanceCut
DA:563,1794
BRDA:563,23,0,1
BRDA:563,23,1,1793
DA:564,1793
DA:566,1793
FN:573,Cellar.setStrategistPlatformCut
FNDA:1794,Cellar.setStrategistPlatformCut
DA:574,1794
BRDA:574,24,0,1
BRDA:574,24,1,1793
DA:575,1793
DA:577,1793
FN:584,Cellar.setStrategistPayoutAddress
FNDA:2,Cellar.setStrategistPayoutAddress
DA:585,2
DA:587,2
FN:630,Cellar.setLiquidityLimit
FNDA:1025,Cellar.setLiquidityLimit
DA:631,1025
DA:633,1025
FN:640,Cellar.setDepositLimit
FNDA:769,Cellar.setDepositLimit
DA:641,769
DA:643,769
FN:682,Cellar.initiateShutdown
FNDA:518,Cellar.initiateShutdown
DA:683,516
DA:685,516
FN:691,Cellar.liftShutdown
FNDA:2,Cellar.liftShutdown
DA:692,2
BRDA:692,25,0,1
BRDA:692,25,1,1
DA:693,1
DA:695,1
FN:852,Cellar.setShareLockPeriod
FNDA:259,Cellar.setShareLockPeriod
DA:853,259
BRDA:853,26,0,2
BRDA:853,26,1,257
DA:854,2
DA:855,257
DA:856,257
DA:857,257
FN:864,Cellar._checkIfSharesLocked
FNDA:59687,Cellar._checkIfSharesLocked
DA:865,59687
DA:866,59687
BRDA:866,27,0,777
BRDA:866,27,1,14494
DA:867,15271
DA:868,15271
BRDA:868,28,0,777
BRDA:868,28,1,14494
DA:869,777
FN:877,Cellar._beforeTokenTransfer
FNDA:50895,Cellar._beforeTokenTransfer
DA:882,50895
FN:890,Cellar.beforeDeposit
FNDA:17697,Cellar.beforeDeposit
DA:895,17695
BRDA:895,29,0,257
BRDA:895,29,1,770
DA:896,1027
BRDA:896,30,0,257
BRDA:896,30,1,770
DA:897,257
DA:899,17438
DA:900,17438
BRDA:900,31,0,1024
BRDA:900,31,1,16414
DA:901,16414
FN:908,Cellar.afterDeposit
FNDA:15902,Cellar.afterDeposit
DA:913,15902
DA:914,15901
FN:921,Cellar.beforeWithdraw
FNDA:8792,Cellar.beforeWithdraw
DA:928,8792
DA:934,8274
DA:935,8274
FN:944,Cellar.deposit
FNDA:11810,Cellar.deposit
DA:945,11809
DA:947,11809
DA:950,11809
BRDA:950,32,0,1
BRDA:950,32,1,11808
DA:952,11808
DA:955,11037
DA:957,10781
DA:959,10781
DA:961,10781
FN:970,Cellar.mint
FNDA:5891,Cellar.mint
DA:971,5891
DA:973,5891
DA:976,5891
BRDA:976,33,0,2
BRDA:976,33,1,5889
DA:978,5889
DA:981,5377
DA:983,5121
DA:985,5121
DA:987,5121
FN:994,Cellar._checkAllowance
FNDA:8534,Cellar._checkAllowance
DA:995,8534
BRDA:995,34,0,1
BRDA:995,34,1,8534
DA:996,1
FN:1013,Cellar.withdraw
FNDA:3863,Cellar.withdraw
DA:1019,3863
DA:1025,3863
DA:1027,3863
DA:1030,3863
DA:1032,3863
DA:1034,3604
DA:1036,3604
DA:1038,3604
DA:1040,3348
DA:1042,3348
DA:1046,3343
FN:1062,Cellar.redeem
FNDA:4930,Cellar.redeem
DA:1068,4930
DA:1074,4930
DA:1076,4930
DA:1078,4930
DA:1081,4930
BRDA:1081,35,0,1
BRDA:1081,35,1,4929
DA:1083,4929
DA:1085,4670
DA:1087,4670
DA:1089,4670
DA:1091,4670
DA:1095,4670
FN:1107,Cellar._withdrawInOrder
FNDA:7500,Cellar._withdrawInOrder
DA:1116,7500
DA:1118,7500
DA:1120,16683
BRDA:1120,36,0,10820
BRDA:1120,36,1,9184
DA:1122,10820
DA:1123,10820
DA:1126,10820
DA:1132,10820
DA:1134,10820
BRDA:1134,37,0,6148
BRDA:1134,37,1,4672
DA:1135,6148
DA:1136,6148
DA:1138,4672
DA:1139,4672
DA:1143,10820
DA:1145,10820
DA:1148,10820
BRDA:1148,38,0,7499
BRDA:1148,38,1,3321
DA:1151,7500
BRDA:1151,39,0,1
BRDA:1151,39,1,7499
FN:1165,Cellar._withdrawInProportion
FNDA:518,Cellar._withdrawInProportion
DA:1174,518
DA:1175,2070
DA:1176,2070
DA:1179,2070
BRDA:1179,40,0,520
BRDA:1179,40,1,1550
DA:1182,1550
DA:1186,1550
BRDA:1186,41,0,4
BRDA:1186,41,1,1546
DA:1189,1546
DA:1191,1546
FN:1205,Cellar.totalAssets
FNDA:24396,Cellar.totalAssets
DA:1206,94944
DA:1207,94944
DA:1208,94944
DA:1210,94944
DA:1211,369142
DA:1212,369142
DA:1213,369142
DA:1216,94944
DA:1217,94944
FN:1224,Cellar.totalAssetsWithdrawable
FNDA:1,Cellar.totalAssetsWithdrawable
DA:1225,1291
DA:1226,1291
DA:1227,1291
DA:1229,1291
DA:1230,5154
DA:1231,5154
DA:1232,5154
DA:1235,1291
DA:1236,1291
FN:1245,Cellar.convertToAssets
FNDA:2048,Cellar.convertToAssets
DA:1246,2048
FN:1254,Cellar.convertToShares
FNDA:257,Cellar.convertToShares
DA:1255,257
FN:1263,Cellar.previewMint
FNDA:5120,Cellar.previewMint
DA:1264,5120
DA:1265,5120
DA:1266,5120
FN:1274,Cellar.previewWithdraw
FNDA:3587,Cellar.previewWithdraw
DA:1275,3587
DA:1276,3587
DA:1277,3587
FN:1285,Cellar.previewDeposit
FNDA:4353,Cellar.previewDeposit
DA:1286,5641
DA:1287,5641
DA:1288,5641
FN:1296,Cellar.previewRedeem
FNDA:12350,Cellar.previewRedeem
DA:1297,12350
DA:1298,12350
DA:1299,12350
FN:1307,Cellar.maxWithdraw
FNDA:1293,Cellar.maxWithdraw
DA:1309,1293
DA:1310,1293
DA:1311,1293
DA:1313,1293
BRDA:1313,42,0,319
BRDA:1313,42,1,971
DA:1314,1290
DA:1315,1290
DA:1317,3
DA:1318,3
DA:1319,3
DA:1320,3
DA:1321,3
DA:1322,11
BRDA:1322,43,0,9
BRDA:1322,43,1,10
DA:1323,9
BRDA:1323,44,0,1
BRDA:1323,44,1,8
DA:1324,8
DA:1325,8
BRDA:1325,45,0,3
BRDA:1325,45,1,8
DA:1326,3
DA:1328,2
DA:1329,2
FN:1339,Cellar._convertToAssets
FNDA:32653,Cellar._convertToAssets
DA:1340,32653
DA:1342,32653
FN:1350,Cellar._convertToShares
FNDA:31373,Cellar._convertToShares
DA:1351,31373
DA:1353,31373
FN:1361,Cellar._previewMint
FNDA:11011,Cellar._previewMint
DA:1362,11011
DA:1364,11011
FN:1372,Cellar._previewWithdraw
FNDA:7450,Cellar._previewWithdraw
DA:1373,7450
DA:1375,7450
FN:1384,Cellar._getData
FNDA:9055,Cellar._getData
DA:1395,9055
DA:1397,9055
DA:1398,9055
DA:1399,9055
DA:1400,9055
DA:1401,9055
DA:1403,9055
DA:1404,38596
DA:1406,38596
DA:1407,38596
DA:1408,38596
DA:1409,38596
DA:1412,9055
DA:1413,9055
FN:1467,Cellar.setRebalanceDeviation
FNDA:1281,Cellar.setRebalanceDeviation
DA:1468,1281
BRDA:1468,46,0,1
BRDA:1468,46,1,1280
DA:1469,1
DA:1471,1280
DA:1472,1280
DA:1474,1280
FN:1484,Cellar.rebalance
FNDA:4879,Cellar.rebalance
DA:1492,4878
BRDA:1492,47,0,1
BRDA:1492,47,1,4877
DA:1495,4877
DA:1496,4877
DA:1499,4877
DA:1502,4877
DA:1503,4877
DA:1504,4877
DA:1509,4875
DA:1512,4875
DA:1513,4875
DA:1514,4875
DA:1515,4875
BRDA:1515,48,0,256
BRDA:1515,48,1,4619
DA:1516,256
DA:1517,4619
BRDA:1517,49,0,-
BRDA:1517,49,1,4619
DA:1519,4619
FN:1532,Cellar.maxDeposit
FNDA:2048,Cellar.maxDeposit
DA:1533,19486
BRDA:1533,50,0,256
BRDA:1533,50,1,19230
DA:1535,19230
DA:1536,19230
DA:1537,19230
BRDA:1537,51,0,16414
BRDA:1537,51,1,2816
DA:1538,16414
DA:1541,2816
DA:1542,2816
DA:1544,2816
DA:1545,2816
DA:1548,2816
FN:1559,Cellar.maxMint
FNDA:2048,Cellar.maxMint
DA:1560,2048
BRDA:1560,52,0,256
BRDA:1560,52,1,1792
DA:1562,1792
DA:1563,1792
DA:1564,1792
BRDA:1564,53,0,256
BRDA:1564,53,1,1536
DA:1565,256
DA:1568,1536
DA:1569,1536
DA:1571,1536
DA:1572,1536
DA:1575,1536
FN:1595,Cellar.resetHighWatermark
FNDA:768,Cellar.resetHighWatermark
DA:1596,768
DA:1597,768
DA:1599,768
FN:1607,Cellar._previewPerformanceFees
FNDA:62164,Cellar._previewPerformanceFees
DA:1608,62164
DA:1609,62164
BRDA:1609,54,0,12839
BRDA:1609,54,1,49325
DA:1611,49325
DA:1613,49325
BRDA:1613,55,0,6372
BRDA:1613,55,1,49325
DA:1614,6372
DA:1615,6372
FN:1625,Cellar._takePerformanceFees
FNDA:34173,Cellar._takePerformanceFees
DA:1626,34173
DA:1627,34173
BRDA:1627,56,0,4449
BRDA:1627,56,1,4450
DA:1628,4450
DA:1629,4450
BRDA:1629,57,0,4449
BRDA:1629,57,1,4450
DA:1630,4449
DA:1631,4449
FN:1639,Cellar._convertToFees
FNDA:12130,Cellar._convertToFees
DA:1641,12130
DA:1645,12130
BRDA:1645,58,0,12129
BRDA:1645,58,1,12130
DA:1647,12129
DA:1648,12129
FN:1665,Cellar.sendFees
FNDA:7681,Cellar.sendFees
DA:1666,7681
DA:1667,7681
BRDA:1667,59,0,1
BRDA:1667,59,1,7680
DA:1669,7680
DA:1672,7680
DA:1674,7680
DA:1676,7680
DA:1679,7680
DA:1680,7680
DA:1681,7680
DA:1682,7680
DA:1683,7680
DA:1685,7680
DA:1686,7680
BRDA:1686,60,0,7168
BRDA:1686,60,1,7680
DA:1688,7168
DA:1690,7168
DA:1693,7680
DA:1696,7680
DA:1697,7680
BRDA:1697,61,0,-
BRDA:1697,61,1,7161
DA:1699,7161
DA:1701,7161
DA:1704,7161
DA:1705,7161
DA:1706,7161
DA:1709,7680
FN:1719,Cellar._depositTo
FNDA:22065,Cellar._depositTo
DA:1720,22065
DA:1723,22065
BRDA:1723,62,0,1
BRDA:1723,62,1,2322
DA:1724,2323
DA:1725,2323
FN:1735,Cellar._withdrawFrom
FNDA:17243,Cellar._withdrawFrom
DA:1740,17243
DA:1743,17243
BRDA:1743,63,0,-
BRDA:1743,63,1,2668
DA:1744,2668
DA:1746,14575
BRDA:1746,64,0,10727
BRDA:1746,64,1,14575
FN:1754,Cellar._withdrawableFrom
FNDA:43750,Cellar._withdrawableFrom
DA:1755,43750
DA:1757,43750
BRDA:1757,65,0,-
BRDA:1757,65,1,16345
DA:1758,16345
DA:1760,27405
FN:1770,Cellar._balanceOf
FNDA:407754,Cellar._balanceOf
DA:1771,407754
DA:1773,407754
BRDA:1773,66,0,-
BRDA:1773,66,1,135484
DA:1774,135484
DA:1776,272270
FN:1784,Cellar._assetOf
FNDA:424235,Cellar._assetOf
DA:1785,424235
DA:1787,424235
BRDA:1787,67,0,-
BRDA:1787,67,1,141412
DA:1788,141412
DA:1790,282823
FN:1808,Cellar._swap
FNDA:3586,Cellar._swap
DA:1817,3586
DA:1820,3586
DA:1823,3586
DA:1826,3586
DA:1830,3585
BRDA:1830,68,0,1
BRDA:1830,68,1,3584
FNF:63
FNH:63
LF:355
LH:355
BRF:138
BRH:132
end_of_record
TN:
SF:src/base/ERC4626.sol
FN:47,ERC4626.deposit
FNDA:2321,ERC4626.deposit
DA:49,2321
BRDA:49,0,0,-
BRDA:49,0,1,2321
DA:51,2321
DA:54,2321
DA:56,2321
DA:58,2321
DA:60,2321
FN:63,ERC4626.mint
FNDA:0,ERC4626.mint
DA:64,0
DA:66,0
DA:69,0
DA:71,0
DA:73,0
DA:75,0
FN:78,ERC4626.withdraw
FNDA:2667,ERC4626.withdraw
DA:83,2667
DA:85,2667
BRDA:85,1,0,-
BRDA:85,1,1,2667
DA:86,0
DA:89,2667
DA:91,2667
DA:93,2667
DA:95,2667
DA:97,2667
FN:100,ERC4626.redeem
FNDA:0,ERC4626.redeem
DA:105,0
BRDA:105,2,0,-
BRDA:105,2,1,-
DA:106,0
DA:110,0
BRDA:110,3,0,-
BRDA:110,3,1,-
DA:112,0
DA:114,0
DA:116,0
DA:118,0
DA:120,0
FN:129,ERC4626.convertToShares
FNDA:0,ERC4626.convertToShares
DA:130,2321
DA:132,2321
FN:135,ERC4626.convertToAssets
FNDA:0,ERC4626.convertToAssets
DA:136,145524
DA:138,145524
FN:141,ERC4626.previewDeposit
FNDA:0,ERC4626.previewDeposit
DA:142,2321
FN:145,ERC4626.previewMint
FNDA:0,ERC4626.previewMint
DA:146,0
DA:148,0
FN:151,ERC4626.previewWithdraw
FNDA:0,ERC4626.previewWithdraw
DA:152,2667
DA:154,2667
FN:157,ERC4626.previewRedeem
FNDA:135481,ERC4626.previewRedeem
DA:158,135481
FN:165,ERC4626.maxDeposit
FNDA:0,ERC4626.maxDeposit
DA:166,0
FN:169,ERC4626.maxMint
FNDA:0,ERC4626.maxMint
DA:170,0
FN:173,ERC4626.maxWithdraw
FNDA:10043,ERC4626.maxWithdraw
DA:174,10043
FN:177,ERC4626.maxRedeem
FNDA:1024,ERC4626.maxRedeem
DA:178,1024
FN:185,ERC4626.beforeDeposit
FNDA:2321,ERC4626.beforeDeposit
FN:191,ERC4626.afterDeposit
FNDA:2321,ERC4626.afterDeposit
FN:197,ERC4626.beforeWithdraw
FNDA:2667,ERC4626.beforeWithdraw
FN:204,ERC4626.afterWithdraw
FNDA:10680,ERC4626.afterWithdraw
FNF:18
FNH:9
LF:42
LH:23
BRF:8
BRH:2
end_of_record
TN:
SF:src/base/Multicall.sol
FN:13,Multicall.multicall
FNDA:1,Multicall.multicall
DA:14,1
DA:15,1
DA:16,3
DA:18,3
BRDA:18,0,0,-
BRDA:18,0,1,-
DA:21,0
BRDA:21,1,0,-
BRDA:21,1,1,-
DA:23,0
DA:25,0
DA:28,3
FNF:1
FNH:1
LF:8
LH:5
BRF:4
BRH:0
end_of_record
TN:
SF:src/mocks/LockedERC4626.sol
FN:23,LockedERC4626.totalAssets
FNDA:0,LockedERC4626.totalAssets
DA:24,38723
FN:28,LockedERC4626.maxWithdraw
FNDA:6301,LockedERC4626.maxWithdraw
DA:29,6301
FNF:2
FNH:1
LF:2
LH:2
BRF:0
BRH:0
end_of_record
TN:
SF:src/mocks/MockCellar.sol
FN:36,MockCellar.depositIntoPosition
FNDA:0,MockCellar.depositIntoPosition
DA:41,0
DA:43,0
FN:46,MockCellar.depositIntoPosition
FNDA:1288,MockCellar.depositIntoPosition
DA:47,1288
DA:50,1288
FN:53,MockCellar._depositIntoPosition
FNDA:1288,MockCellar._depositIntoPosition
DA:54,1288
DA:56,1288
DA:57,1288
DA:58,1288
DA:60,1288
DA:62,1288
DA:63,1288
FN:66,MockCellar.getData
FNDA:259,MockCellar.getData
DA:77,259
FNF:4
FNH:3
LF:12
LH:10
BRF:0
BRH:0
end_of_record
TN:
SF:src/mocks/MockERC20.sol
FN:13,MockERC20.decimals
FNDA:217,MockERC20.decimals
DA:14,217
FN:17,MockERC20.mint
FNDA:0,MockERC20.mint
DA:18,0
FN:21,MockERC20.burn
FNDA:0,MockERC20.burn
DA:22,0
FNF:3
FNH:1
LF:3
LH:1
BRF:0
BRH:0
end_of_record
TN:
SF:src/mocks/MockERC4626.sol
FN:22,MockERC4626.decimals
FNDA:0,MockERC4626.decimals
DA:23,0
FN:26,MockERC4626.mint
FNDA:0,MockERC4626.mint
DA:27,0
FN:30,MockERC4626.burn
FNDA:0,MockERC4626.burn
DA:31,0
FN:34,MockERC4626.totalAssets
FNDA:0,MockERC4626.totalAssets
DA:35,4654
FNF:4
FNH:0
LF:4
LH:1
BRF:0
BRH:0
end_of_record
TN:
SF:src/mocks/MockExchange.sol
FN:120,Path.hasMultiplePools
FNDA:0,Path.hasMultiplePools
DA:121,0
FN:129,Path.decodeFirstPool
FNDA:0,Path.decodeFirstPool
DA:138,0
DA:139,0
DA:140,0
FN:146,Path.getFirstPool
FNDA:0,Path.getFirstPool
DA:147,0
FN:153,Path.skipToken
FNDA:0,Path.skipToken
DA:154,0
FN:182,MockExchange.exactInputSingle
FNDA:0,MockExchange.exactInputSingle
DA:183,0
DA:184,0
DA:186,0
DA:188,0
DA:189,0
DA:191,0
BRDA:191,0,0,-
BRDA:191,0,1,-
DA:193,0
DA:194,0
FN:197,MockExchange.exactInput
FNDA:0,MockExchange.exactInput
DA:198,0
DA:199,0
DA:200,0
DA:202,0
DA:203,0
DA:204,0
DA:205,0
DA:208,0
DA:210,0
DA:211,0
DA:213,0
BRDA:213,1,0,-
BRDA:213,1,1,-
DA:215,0
DA:216,0
FN:219,MockExchange.swapExactTokensForTokens
FNDA:3585,MockExchange.swapExactTokensForTokens
DA:226,3585
DA:227,3585
DA:229,3585
DA:231,3585
DA:232,3585
DA:234,3585
BRDA:234,2,0,-
BRDA:234,2,1,3585
DA:236,3585
DA:238,3585
DA:239,3585
DA:241,3585
FN:244,MockExchange.exchange_multiple
FNDA:0,MockExchange.exchange_multiple
DA:250,0
DA:252,0
DA:253,0
DA:254,0
BRDA:254,3,0,-
BRDA:254,3,1,-
DA:255,0
DA:256,0
DA:260,0
DA:262,0
DA:263,0
DA:265,0
BRDA:265,4,0,-
BRDA:265,4,1,-
DA:267,0
DA:269,0
FN:272,MockExchange.quote
FNDA:512,MockExchange.quote
DA:273,512
DA:274,512
DA:276,512
DA:277,512
FN:10,BytesLib.slice
FNDA:0,BytesLib.slice
DA:15,0
BRDA:15,0,0,-
BRDA:15,0,1,-
DA:16,0
BRDA:16,1,0,-
BRDA:16,1,1,-
DA:17,0
BRDA:17,2,0,-
BRDA:17,2,1,-
DA:19,0
DA:73,0
FN:76,BytesLib.toAddress
FNDA:0,BytesLib.toAddress
DA:77,0
BRDA:77,3,0,-
BRDA:77,3,1,-
DA:78,0
BRDA:78,4,0,-
BRDA:78,4,1,-
DA:79,0
DA:82,0
DA:85,0
FN:88,BytesLib.toUint24
FNDA:0,BytesLib.toUint24
DA:89,0
BRDA:89,5,0,-
BRDA:89,5,1,-
DA:90,0
BRDA:90,6,0,-
BRDA:90,6,1,-
DA:91,0
DA:94,0
DA:97,0
FNF:12
FNH:2
LF:68
LH:14
BRF:24
BRH:1
end_of_record
TN:
SF:src/mocks/MockGravity.sol
FN:11,MockGravity.sendToCosmos
FNDA:0,MockGravity.sendToCosmos
DA:17,0
DA:20,0
DA:24,0
DA:28,0
BRDA:28,0,0,-
BRDA:28,0,1,-
DA:29,0
FNF:1
FNH:0
LF:5
LH:0
BRF:2
BRH:0
end_of_record
TN:
SF:src/mocks/MockPriceRouter.sol
FN:15,MockPriceRouter.setExchangeRate
FNDA:16431,MockPriceRouter.setExchangeRate
DA:20,16431
FN:23,MockPriceRouter.getValues
FNDA:101702,MockPriceRouter.getValues
DA:28,101702
FN:31,MockPriceRouter.getValue
FNDA:9503,MockPriceRouter.getValue
DA:36,408043
FN:39,MockPriceRouter.supportAsset
FNDA:294,MockPriceRouter.supportAsset
DA:40,294
FNF:4
FNH:4
LF:4
LH:4
BRF:0
BRH:0
end_of_record
TN:
SF:src/mocks/ReentrancyERC4626.sol
FN:17,ReentrancyERC4626.totalAssets
FNDA:0,ReentrancyERC4626.totalAssets
DA:18,0
FN:21,ReentrancyERC4626.deposit
FNDA:1,ReentrancyERC4626.deposit
DA:23,1
DA:25,1
DA:28,1
DA:31,0
FNF:2
FNH:1
LF:5
LH:3
BRF:0
BRH:0
end_of_record
TN:
SF:src/modules/price-router/PriceRouter.sol
FN:99,PriceRouter.addAsset
FNDA:14,PriceRouter.addAsset
DA:106,14
BRDA:106,0,0,1
BRDA:106,0,1,13
DA:109,13
DA:110,13
DA:113,13
BRDA:113,1,0,2
BRDA:113,1,1,11
DA:117,11
DA:118,11
DA:120,11
BRDA:120,2,0,6
BRDA:120,2,1,5
DA:121,6
DA:123,5
BRDA:123,3,0,1
BRDA:123,3,1,4
DA:126,10
BRDA:126,4,0,5
BRDA:126,4,1,5
DA:127,5
DA:129,5
BRDA:129,5,0,1
BRDA:129,5,1,4
DA:132,9
BRDA:132,6,0,1
BRDA:132,6,1,8
DA:134,8
DA:142,8
FN:145,PriceRouter.isSupported
FNDA:0,PriceRouter.isSupported
DA:146,0
FN:158,PriceRouter.getValue
FNDA:1032,PriceRouter.getValue
DA:163,1032
FN:178,PriceRouter.getValues
FNDA:3852,PriceRouter.getValues
DA:183,3852
DA:184,3852
BRDA:184,7,0,-
BRDA:184,7,1,3852
DA:186,3852
DA:188,3852
DA:189,15128
DA:191,15128
FN:204,PriceRouter.getExchangeRate
FNDA:19,PriceRouter.getExchangeRate
DA:205,1051
FN:214,PriceRouter.getExchangeRates
FNDA:9,PriceRouter.getExchangeRates
DA:219,9
DA:221,9
DA:222,9
DA:223,9
DA:224,13
FN:233,PriceRouter.getPriceRange
FNDA:6,PriceRouter.getPriceRange
DA:242,12
DA:244,12
BRDA:244,8,0,2
BRDA:244,8,1,10
DA:246,10
FN:255,PriceRouter.getPriceRanges
FNDA:2,PriceRouter.getPriceRanges
DA:264,2
DA:265,2
DA:266,2
FN:274,PriceRouter._remap
FNDA:32376,PriceRouter._remap
DA:275,32376
BRDA:275,9,0,4637
BRDA:275,9,1,27739
DA:276,27739
BRDA:276,10,0,3854
BRDA:276,10,1,23885
DA:277,23885
FN:286,PriceRouter._getExchangeRate
FNDA:16192,PriceRouter._getExchangeRate
DA:291,16192
FN:343,PriceRouter.getValueInUSD
FNDA:3,PriceRouter.getValueInUSD
DA:344,32371
DA:347,32371
BRDA:347,11,0,8
BRDA:347,11,1,32363
DA:350,32363
DA:352,32363
BRDA:352,12,0,-
BRDA:352,12,1,32100
DA:354,32100
DA:355,32100
DA:356,32100
DA:359,263
DA:360,263
DA:361,263
DA:364,263
FN:381,PriceRouter._getPriceRange
FNDA:13,PriceRouter._getPriceRange
DA:390,13
FN:416,PriceRouter._getExchangeRateFromETHToUSD
FNDA:263,PriceRouter._getExchangeRateFromETHToUSD
DA:417,263
DA:418,263
DA:419,263
FN:429,PriceRouter._checkPriceFeed
FNDA:32626,PriceRouter._checkPriceFeed
DA:435,32626
DA:436,32626
BRDA:436,13,0,9
BRDA:436,13,1,32617
DA:438,32617
DA:439,32617
BRDA:439,14,0,9
BRDA:439,14,1,32608
DA:441,32608
DA:442,32608
DA:443,32608
BRDA:443,15,0,9
BRDA:443,15,1,32599
DA:444,9
FNF:14
FNH:13
LF:62
LH:61
BRF:32
BRH:30
end_of_record
TN:
SF:src/modules/swap-router/SwapRouter.sol
FN:88,SwapRouter.swap
FNDA:5645,SwapRouter.swap
DA:96,5645
DA:100,5645
BRDA:100,0,0,6
BRDA:100,0,1,2
DA:103,8
BRDA:103,1,0,6
BRDA:103,1,1,2
DA:109,2
DA:113,5637
FN:125,SwapRouter.swapWithUniV2
FNDA:4874,SwapRouter.swapWithUniV2
DA:131,4874
DA:137,4872
BRDA:137,2,0,-
BRDA:137,2,1,-
DA:138,4872
BRDA:138,3,0,-
BRDA:138,3,1,1
DA:139,1
DA:142,4871
DA:145,4868
DA:148,4868
DA:156,4868
FN:169,SwapRouter.swapWithUniV3
FNDA:771,SwapRouter.swapWithUniV3
DA:175,771
DA:181,771
BRDA:181,4,0,-
BRDA:181,4,1,-
DA:182,771
BRDA:182,5,0,-
BRDA:182,5,1,-
DA:183,0
DA:186,771
DA:189,769
DA:192,769
DA:193,769
DA:194,1281
DA:197,769
FNF:3
FNH:3
LF:23
LH:22
BRF:12
BRH:5
end_of_record
TN:
SF:src/utils/AddressArray.sol
FN:18,AddressArray.add
FNDA:0,AddressArray.add
DA:23,0
DA:25,0
DA:27,0
DA:29,0
FN:37,AddressArray.remove
FNDA:0,AddressArray.remove
DA:38,0
DA:40,0
BRDA:40,0,0,-
BRDA:40,0,1,-
DA:42,0
DA:44,0
FN:52,AddressArray.remove
FNDA:0,AddressArray.remove
DA:53,0
DA:55,0
DA:56,0
BRDA:56,1,0,-
BRDA:56,1,1,-
DA:57,0
DA:59,0
DA:61,0
DA:64,0
FN:72,AddressArray.contains
FNDA:0,AddressArray.contains
DA:73,0
BRDA:73,2,0,-
BRDA:73,2,1,-
DA:75,0
FNF:4
FNH:0
LF:17
LH:0
BRF:6
BRH:0
end_of_record
TN:
SF:src/utils/Math.sol
FN:8,Math.subMinZero
FNDA:0,Math.subMinZero
DA:9,0
FN:15,Math.changeDecimals
FNDA:0,Math.changeDecimals
DA:20,0
BRDA:20,0,0,-
BRDA:20,0,1,-
DA:21,0
DA:22,0
BRDA:22,1,0,-
BRDA:22,1,1,-
DA:23,0
DA:25,0
FN:31,Math.min
FNDA:0,Math.min
DA:32,0
FN:39,Math.mulWadDown
FNDA:0,Math.mulWadDown
DA:40,0
FN:43,Math.mulDivDown
FNDA:0,Math.mulDivDown
DA:50,0
DA:53,0
BRDA:53,2,0,-
DA:58,0
FN:62,Math.mulDivUp
FNDA:0,Math.mulDivUp
DA:69,0
DA:72,0
BRDA:72,3,0,-
DA:79,0
FNF:6
FNH:0
LF:14
LH:0
BRF:6
BRH:0
end_of_record
TN:
SF:src/utils/SafeCast.sol
FN:34,SafeCast.toUint248
FNDA:0,SafeCast.toUint248
DA:35,0
BRDA:35,0,0,-
BRDA:35,0,1,-
DA:36,0
FN:51,SafeCast.toUint240
FNDA:0,SafeCast.toUint240
DA:52,0
BRDA:52,1,0,-
BRDA:52,1,1,-
DA:53,0
FN:68,SafeCast.toUint232
FNDA:0,SafeCast.toUint232
DA:69,0
BRDA:69,2,0,-
BRDA:69,2,1,-
DA:70,0
FN:85,SafeCast.toUint224
FNDA:0,SafeCast.toUint224
DA:86,0
BRDA:86,3,0,-
BRDA:86,3,1,-
DA:87,0
FN:102,SafeCast.toUint216
FNDA:0,SafeCast.toUint216
DA:103,0
BRDA:103,4,0,-
BRDA:103,4,1,-
DA:104,0
FN:119,SafeCast.toUint208
FNDA:0,SafeCast.toUint208
DA:120,0
BRDA:120,5,0,-
BRDA:120,5,1,-
DA:121,0
FN:136,SafeCast.toUint200
FNDA:0,SafeCast.toUint200
DA:137,0
BRDA:137,6,0,-
BRDA:137,6,1,-
DA:138,0
FN:153,SafeCast.toUint192
FNDA:0,SafeCast.toUint192
DA:154,0
BRDA:154,7,0,-
BRDA:154,7,1,-
DA:155,0
FN:170,SafeCast.toUint184
FNDA:0,SafeCast.toUint184
DA:171,0
BRDA:171,8,0,-
BRDA:171,8,1,-
DA:172,0
FN:187,SafeCast.toUint176
FNDA:0,SafeCast.toUint176
DA:188,0
BRDA:188,9,0,-
BRDA:188,9,1,-
DA:189,0
FN:204,SafeCast.toUint168
FNDA:0,SafeCast.toUint168
DA:205,0
BRDA:205,10,0,-
BRDA:205,10,1,-
DA:206,0
FN:221,SafeCast.toUint160
FNDA:0,SafeCast.toUint160
DA:222,0
BRDA:222,11,0,-
BRDA:222,11,1,-
DA:223,0
FN:238,SafeCast.toUint152
FNDA:0,SafeCast.toUint152
DA:239,0
BRDA:239,12,0,-
BRDA:239,12,1,-
DA:240,0
FN:255,SafeCast.toUint144
FNDA:0,SafeCast.toUint144
DA:256,0
BRDA:256,13,0,-
BRDA:256,13,1,-
DA:257,0
FN:272,SafeCast.toUint136
FNDA:0,SafeCast.toUint136
DA:273,0
BRDA:273,14,0,-
BRDA:273,14,1,-
DA:274,0
FN:289,SafeCast.toUint128
FNDA:0,SafeCast.toUint128
DA:290,0
BRDA:290,15,0,-
BRDA:290,15,1,-
DA:291,0
FN:306,SafeCast.toUint120
FNDA:0,SafeCast.toUint120
DA:307,0
BRDA:307,16,0,-
BRDA:307,16,1,-
DA:308,0
FN:323,SafeCast.toUint112
FNDA:0,SafeCast.toUint112
DA:324,0
BRDA:324,17,0,-
BRDA:324,17,1,-
DA:325,0
FN:340,SafeCast.toUint104
FNDA:0,SafeCast.toUint104
DA:341,0
BRDA:341,18,0,-
BRDA:341,18,1,-
DA:342,0
FN:357,SafeCast.toUint96
FNDA:0,SafeCast.toUint96
DA:358,0
BRDA:358,19,0,-
BRDA:358,19,1,-
DA:359,0
FN:374,SafeCast.toUint88
FNDA:0,SafeCast.toUint88
DA:375,0
BRDA:375,20,0,-
BRDA:375,20,1,-
DA:376,0
FN:391,SafeCast.toUint80
FNDA:0,SafeCast.toUint80
DA:392,0
BRDA:392,21,0,-
BRDA:392,21,1,-
DA:393,0
FN:408,SafeCast.toUint72
FNDA:0,SafeCast.toUint72
DA:409,0
BRDA:409,22,0,-
BRDA:409,22,1,-
DA:410,0
FN:425,SafeCast.toUint64
FNDA:0,SafeCast.toUint64
DA:426,0
BRDA:426,23,0,-
BRDA:426,23,1,-
DA:427,0
FN:442,SafeCast.toUint56
FNDA:0,SafeCast.toUint56
DA:443,0
BRDA:443,24,0,-
BRDA:443,24,1,-
DA:444,0
FN:459,SafeCast.toUint48
FNDA:0,SafeCast.toUint48
DA:460,0
BRDA:460,25,0,-
BRDA:460,25,1,-
DA:461,0
FN:476,SafeCast.toUint40
FNDA:0,SafeCast.toUint40
DA:477,0
BRDA:477,26,0,-
BRDA:477,26,1,-
DA:478,0
FN:493,SafeCast.toUint32
FNDA:0,SafeCast.toUint32
DA:494,0
BRDA:494,27,0,-
BRDA:494,27,1,-
DA:495,0
FN:510,SafeCast.toUint24
FNDA:0,SafeCast.toUint24
DA:511,0
BRDA:511,28,0,-
BRDA:511,28,1,-
DA:512,0
FN:527,SafeCast.toUint16
FNDA:0,SafeCast.toUint16
DA:528,0
BRDA:528,29,0,-
BRDA:528,29,1,-
DA:529,0
FN:544,SafeCast.toUint8
FNDA:0,SafeCast.toUint8
DA:545,0
BRDA:545,30,0,-
BRDA:545,30,1,-
DA:546,0
FN:558,SafeCast.toUint256
FNDA:0,SafeCast.toUint256
DA:559,0
BRDA:559,31,0,-
BRDA:559,31,1,-
DA:560,0
FN:576,SafeCast.toInt248
FNDA:0,SafeCast.toInt248
DA:577,0
BRDA:577,32,0,-
BRDA:577,32,1,-
DA:578,0
FN:594,SafeCast.toInt240
FNDA:0,SafeCast.toInt240
DA:595,0
BRDA:595,33,0,-
BRDA:595,33,1,-
DA:596,0
FN:612,SafeCast.toInt232
FNDA:0,SafeCast.toInt232
DA:613,0
BRDA:613,34,0,-
BRDA:613,34,1,-
DA:614,0
FN:630,SafeCast.toInt224
FNDA:0,SafeCast.toInt224
DA:631,0
BRDA:631,35,0,-
BRDA:631,35,1,-
DA:632,0
FN:648,SafeCast.toInt216
FNDA:0,SafeCast.toInt216
DA:649,0
BRDA:649,36,0,-
BRDA:649,36,1,-
DA:650,0
FN:666,SafeCast.toInt208
FNDA:0,SafeCast.toInt208
DA:667,0
BRDA:667,37,0,-
BRDA:667,37,1,-
DA:668,0
FN:684,SafeCast.toInt200
FNDA:0,SafeCast.toInt200
DA:685,0
BRDA:685,38,0,-
BRDA:685,38,1,-
DA:686,0
FN:702,SafeCast.toInt192
FNDA:0,SafeCast.toInt192
DA:703,0
BRDA:703,39,0,-
BRDA:703,39,1,-
DA:704,0
FN:720,SafeCast.toInt184
FNDA:0,SafeCast.toInt184
DA:721,0
BRDA:721,40,0,-
BRDA:721,40,1,-
DA:722,0
FN:738,SafeCast.toInt176
FNDA:0,SafeCast.toInt176
DA:739,0
BRDA:739,41,0,-
BRDA:739,41,1,-
DA:740,0
FN:756,SafeCast.toInt168
FNDA:0,SafeCast.toInt168
DA:757,0
BRDA:757,42,0,-
BRDA:757,42,1,-
DA:758,0
FN:774,SafeCast.toInt160
FNDA:0,SafeCast.toInt160
DA:775,0
BRDA:775,43,0,-
BRDA:775,43,1,-
DA:776,0
FN:792,SafeCast.toInt152
FNDA:0,SafeCast.toInt152
DA:793,0
BRDA:793,44,0,-
BRDA:793,44,1,-
DA:794,0
FN:810,SafeCast.toInt144
FNDA:0,SafeCast.toInt144
DA:811,0
BRDA:811,45,0,-
BRDA:811,45,1,-
DA:812,0
FN:828,SafeCast.toInt136
FNDA:0,SafeCast.toInt136
DA:829,0
BRDA:829,46,0,-
BRDA:829,46,1,-
DA:830,0
FN:846,SafeCast.toInt128
FNDA:0,SafeCast.toInt128
DA:847,0
BRDA:847,47,0,-
BRDA:847,47,1,-
DA:848,0
FN:864,SafeCast.toInt120
FNDA:0,SafeCast.toInt120
DA:865,0
BRDA:865,48,0,-
BRDA:865,48,1,-
DA:866,0
FN:882,SafeCast.toInt112
FNDA:0,SafeCast.toInt112
DA:883,0
BRDA:883,49,0,-
BRDA:883,49,1,-
DA:884,0
FN:900,SafeCast.toInt104
FNDA:0,SafeCast.toInt104
DA:901,0
BRDA:901,50,0,-
BRDA:901,50,1,-
DA:902,0
FN:918,SafeCast.toInt96
FNDA:0,SafeCast.toInt96
DA:919,0
BRDA:919,51,0,-
BRDA:919,51,1,-
DA:920,0
FN:936,SafeCast.toInt88
FNDA:0,SafeCast.toInt88
DA:937,0
BRDA:937,52,0,-
BRDA:937,52,1,-
DA:938,0
FN:954,SafeCast.toInt80
FNDA:0,SafeCast.toInt80
DA:955,0
BRDA:955,53,0,-
BRDA:955,53,1,-
DA:956,0
FN:972,SafeCast.toInt72
FNDA:0,SafeCast.toInt72
DA:973,0
BRDA:973,54,0,-
BRDA:973,54,1,-
DA:974,0
FN:990,SafeCast.toInt64
FNDA:0,SafeCast.toInt64
DA:991,0
BRDA:991,55,0,-
BRDA:991,55,1,-
DA:992,0
FN:1008,SafeCast.toInt56
FNDA:0,SafeCast.toInt56
DA:1009,0
BRDA:1009,56,0,-
BRDA:1009,56,1,-
DA:1010,0
FN:1026,SafeCast.toInt48
FNDA:0,SafeCast.toInt48
DA:1027,0
BRDA:1027,57,0,-
BRDA:1027,57,1,-
DA:1028,0
FN:1044,SafeCast.toInt40
FNDA:0,SafeCast.toInt40
DA:1045,0
BRDA:1045,58,0,-
BRDA:1045,58,1,-
DA:1046,0
FN:1062,SafeCast.toInt32
FNDA:0,SafeCast.toInt32
DA:1063,0
BRDA:1063,59,0,-
BRDA:1063,59,1,-
DA:1064,0
FN:1080,SafeCast.toInt24
FNDA:0,SafeCast.toInt24
DA:1081,0
BRDA:1081,60,0,-
BRDA:1081,60,1,-
DA:1082,0
FN:1098,SafeCast.toInt16
FNDA:0,SafeCast.toInt16
DA:1099,0
BRDA:1099,61,0,-
BRDA:1099,61,1,-
DA:1100,0
FN:1116,SafeCast.toInt8
FNDA:0,SafeCast.toInt8
DA:1117,0
BRDA:1117,62,0,-
BRDA:1117,62,1,-
DA:1118,0
FN:1130,SafeCast.toInt256
FNDA:0,SafeCast.toInt256
DA:1132,0
BRDA:1132,63,0,-
BRDA:1132,63,1,-
DA:1133,0
FN:1145,SafeCast.toInt248
FNDA:0,SafeCast.toInt248
DA:1147,0
BRDA:1147,64,0,-
BRDA:1147,64,1,-
DA:1148,0
FNF:65
FNH:0
LF:130
LH:0
BRF:130
BRH:0
end_of_record
TN:
SF:test/SwapRouter.t.sol
FN:115,UniswapV2SwapRouterTest._doSwap
FNDA:258,UniswapV2SwapRouterTest._doSwap
DA:116,258
DA:117,258
DA:118,258
DA:120,258
DA:121,258
FN:124,UniswapV2SwapRouterTest._doMultiSwap
FNDA:256,UniswapV2SwapRouterTest._doMultiSwap
DA:125,256
DA:126,256
DA:127,256
DA:128,256
DA:130,256
DA:131,256
FN:136,UniswapV3SwapRouterTest._doSwap
FNDA:258,UniswapV3SwapRouterTest._doSwap
DA:137,258
DA:138,258
DA:139,258
DA:141,258
DA:142,258
DA:144,258
DA:145,258
FN:148,UniswapV3SwapRouterTest._doMultiSwap
FNDA:256,UniswapV3SwapRouterTest._doMultiSwap
DA:149,256
DA:150,256
DA:151,256
DA:152,256
DA:154,256
DA:155,256
DA:156,256
DA:158,256
DA:159,256
FNF:4
FNH:4
LF:27
LH:27
BRF:0
BRH:0
end_of_record
