TN:
SF:script/CellarMultiAssetManager.s.sol
FN:28,CellarMultiAssetManagerScript.run
FNDA:0,CellarMultiAssetManagerScript.run
DA:29,0
DA:30,0
DA:31,0
DA:32,0
DA:34,0
DA:35,0
DA:36,0
DA:38,0
DA:41,0
DA:43,0
FN:46,CellarMultiAssetManagerScript.createMultiAssetCellar
FNDA:0,CellarMultiAssetManagerScript.createMultiAssetCellar
DA:48,0
DA:49,0
DA:50,0
DA:51,0
DA:53,0
DA:54,0
DA:55,0
DA:56,0
DA:58,0
FNF:2
FNH:0
LF:19
LH:0
BRF:0
BRH:0
end_of_record
TN:
SF:src/CellarRouter.sol
FN:48,CellarRouter.depositWithPermit
FNDA:0,CellarRouter.depositWithPermit
DA:55,0
DA:58,0
DA:59,0
DA:62,0
DA:65,0
DA:68,0
FN:83,CellarRouter.depositAndSwap
FNDA:1027,CellarRouter.depositAndSwap
DA:91,1027
DA:94,1026
DA:95,1026
DA:96,1026
DA:97,1026
DA:100,1025
DA:103,1025
DA:106,769
DA:107,769
BRDA:107,0,0,-
BRDA:107,0,1,1
FN:124,CellarRouter.depositAndSwapWithPermit
FNDA:0,CellarRouter.depositAndSwapWithPermit
DA:134,0
DA:135,0
DA:138,0
FN:156,CellarRouter.withdrawAndSwap
FNDA:1,CellarRouter.withdrawAndSwap
DA:164,1
DA:167,1
DA:170,1
DA:172,1
BRDA:172,1,0,-
BRDA:172,1,1,1
DA:174,1
DA:175,1
DA:177,3
DA:178,3
DA:185,1
DA:186,4
DA:189,1
DA:192,1
DA:193,4
DA:196,4
DA:199,4
DA:200,4
BRDA:200,2,0,-
BRDA:200,2,1,-
FN:219,CellarRouter.withdrawAndSwapWithPermit
FNDA:0,CellarRouter.withdrawAndSwapWithPermit
DA:229,0
DA:230,0
DA:233,0
FN:252,CellarRouter._splitSignature
FNDA:0,CellarRouter._splitSignature
DA:261,0
BRDA:261,3,0,-
BRDA:261,3,1,-
DA:266,0
DA:269,0
DA:272,0
FN:281,CellarRouter._getPositionAssets
FNDA:1,CellarRouter._getPositionAssets
DA:282,1
DA:284,1
DA:286,1
DA:287,4
DA:288,4
DA:290,4
FNF:7
FNH:3
LF:47
LH:31
BRF:8
BRH:2
end_of_record
TN:
SF:src/Registry.sol
FN:48,Registry.setApprovedForDepositOnBehalf
FNDA:515,Registry.setApprovedForDepositOnBehalf
DA:49,515
DA:50,515
FN:56,Registry.setAddress
FNDA:2,Registry.setAddress
DA:57,2
BRDA:57,0,0,1
BRDA:57,0,1,1
DA:59,1
DA:61,1
FN:94,Registry.register
FNDA:1,Registry.register
DA:95,1
FN:98,Registry._register
FNDA:1,Registry._register
DA:99,1
DA:101,1
DA:103,1
FNF:4
FNH:4
LF:9
LH:9
BRF:2
BRH:2
end_of_record
TN:
SF:src/base/Cellar.sol
FN:127,Cellar.getPositions
FNDA:9,Cellar.getPositions
DA:128,9
FN:141,Cellar.addPosition
FNDA:5,Cellar.addPosition
DA:142,4
BRDA:142,0,0,1
BRDA:142,0,1,3
DA:143,3
BRDA:143,1,0,1
BRDA:143,1,1,2
DA:146,2
BRDA:146,2,0,1
BRDA:146,2,1,1
DA:149,1
DA:150,1
DA:152,1
FN:161,Cellar.pushPosition
FNDA:299,Cellar.pushPosition
DA:162,298
BRDA:162,3,0,1
BRDA:162,3,1,297
DA:163,297
BRDA:163,4,0,1
BRDA:163,4,1,296
DA:166,296
BRDA:166,5,0,1
BRDA:166,5,1,295
DA:169,295
DA:170,295
DA:172,295
FN:179,Cellar.removePosition
FNDA:4,Cellar.removePosition
DA:181,4
DA:184,4
DA:185,4
BRDA:185,6,0,1
BRDA:185,6,1,3
DA:186,3
BRDA:186,7,0,1
BRDA:186,7,1,2
DA:189,2
DA:190,2
DA:192,2
FN:200,Cellar.swapPositions
FNDA:259,Cellar.swapPositions
DA:202,259
DA:203,259
DA:206,259
DA:208,259
FN:241,Cellar.trustPosition
FNDA:296,Cellar.trustPosition
DA:243,296
DA:246,296
DA:249,296
DA:250,296
BRDA:250,8,0,1
BRDA:250,8,1,295
DA:251,1
DA:253,295
FN:288,Cellar.setWithdrawType
FNDA:263,Cellar.setWithdrawType
DA:289,263
DA:291,263
FN:319,Cellar.setHoldingPosition
FNDA:5,Cellar.setHoldingPosition
DA:320,5
BRDA:320,9,0,1
BRDA:320,9,1,4
DA:322,4
DA:323,4
BRDA:323,10,0,1
BRDA:323,10,1,3
DA:325,3
DA:327,3
FN:444,Cellar.setPlatformFee
FNDA:1283,Cellar.setPlatformFee
DA:445,1283
BRDA:445,11,0,1
BRDA:445,11,1,1282
DA:446,1282
DA:448,1282
FN:455,Cellar.setPerformanceFee
FNDA:1284,Cellar.setPerformanceFee
DA:456,1284
BRDA:456,12,0,1
BRDA:456,12,1,1283
DA:457,1283
DA:459,1283
FN:468,Cellar.setFeesDistributor
FNDA:2,Cellar.setFeesDistributor
DA:469,2
BRDA:469,13,0,1
BRDA:469,13,1,1
DA:470,1
DA:472,1
FN:479,Cellar.setStrategistPerformanceCut
FNDA:1794,Cellar.setStrategistPerformanceCut
DA:480,1794
BRDA:480,14,0,1
BRDA:480,14,1,1793
DA:481,1793
DA:483,1793
FN:490,Cellar.setStrategistPlatformCut
FNDA:1794,Cellar.setStrategistPlatformCut
DA:491,1794
BRDA:491,15,0,1
BRDA:491,15,1,1793
DA:492,1793
DA:494,1793
FN:501,Cellar.setStrategistPayoutAddress
FNDA:2,Cellar.setStrategistPayoutAddress
DA:502,2
DA:504,2
FN:547,Cellar.setLiquidityLimit
FNDA:1025,Cellar.setLiquidityLimit
DA:548,1025
DA:550,1025
FN:557,Cellar.setDepositLimit
FNDA:769,Cellar.setDepositLimit
DA:558,769
DA:560,769
FN:599,Cellar.initiateShutdown
FNDA:518,Cellar.initiateShutdown
DA:600,516
DA:602,516
FN:608,Cellar.liftShutdown
FNDA:2,Cellar.liftShutdown
DA:609,2
BRDA:609,16,0,1
BRDA:609,16,1,1
DA:610,1
DA:612,1
FN:769,Cellar.setShareLockPeriod
FNDA:259,Cellar.setShareLockPeriod
DA:770,259
BRDA:770,17,0,2
BRDA:770,17,1,257
DA:771,2
DA:772,257
DA:773,257
DA:774,257
FN:781,Cellar._checkIfSharesLocked
FNDA:59703,Cellar._checkIfSharesLocked
DA:782,59703
DA:783,59703
BRDA:783,18,0,777
BRDA:783,18,1,14508
DA:784,15285
DA:785,15285
BRDA:785,19,0,777
BRDA:785,19,1,14508
DA:786,777
FN:794,Cellar._beforeTokenTransfer
FNDA:50904,Cellar._beforeTokenTransfer
DA:799,50904
FN:807,Cellar.beforeDeposit
FNDA:17698,Cellar.beforeDeposit
DA:812,17696
BRDA:812,20,0,257
BRDA:812,20,1,770
DA:813,1027
BRDA:813,21,0,257
BRDA:813,21,1,770
DA:814,257
DA:816,17439
DA:817,17439
BRDA:817,22,0,1024
BRDA:817,22,1,16415
DA:818,16415
FN:825,Cellar.afterDeposit
FNDA:15903,Cellar.afterDeposit
DA:830,15903
DA:831,15902
FN:838,Cellar.beforeWithdraw
FNDA:8799,Cellar.beforeWithdraw
DA:845,8799
DA:851,8281
DA:852,8281
FN:861,Cellar.deposit
FNDA:11811,Cellar.deposit
DA:862,11810
DA:864,11810
DA:867,11810
BRDA:867,23,0,1
BRDA:867,23,1,11809
DA:869,11809
DA:872,11038
DA:874,10782
DA:876,10782
DA:878,10782
FN:887,Cellar.mint
FNDA:5891,Cellar.mint
DA:888,5891
DA:890,5891
DA:893,5891
BRDA:893,24,0,2
BRDA:893,24,1,5889
DA:895,5889
DA:898,5377
DA:900,5121
DA:902,5121
DA:904,5121
FN:911,Cellar._checkAllowance
FNDA:8541,Cellar._checkAllowance
DA:912,8541
BRDA:912,25,0,1
BRDA:912,25,1,8541
DA:913,1
FN:930,Cellar.withdraw
FNDA:3863,Cellar.withdraw
DA:936,3863
DA:942,3863
DA:944,3863
DA:947,3863
DA:949,3863
DA:951,3604
DA:953,3604
DA:955,3604
DA:957,3348
DA:959,3348
DA:963,3343
FN:979,Cellar.redeem
FNDA:4937,Cellar.redeem
DA:985,4937
DA:991,4937
DA:993,4937
DA:995,4937
DA:998,4937
BRDA:998,26,0,1
BRDA:998,26,1,4936
DA:1000,4936
DA:1002,4677
DA:1004,4677
DA:1006,4677
DA:1008,4677
DA:1012,4677
FN:1024,Cellar._withdrawInOrder
FNDA:7507,Cellar._withdrawInOrder
DA:1033,7507
DA:1035,7507
DA:1037,16670
BRDA:1037,27,0,10840
BRDA:1037,27,1,9164
DA:1039,10840
DA:1040,10840
DA:1043,10840
DA:1049,10840
DA:1051,10840
BRDA:1051,28,0,6148
BRDA:1051,28,1,4692
DA:1052,6148
DA:1053,6148
DA:1055,4692
DA:1056,4692
DA:1060,10840
DA:1062,10840
DA:1065,10840
BRDA:1065,29,0,7506
BRDA:1065,29,1,3334
DA:1068,7507
BRDA:1068,30,0,1
BRDA:1068,30,1,7506
FN:1082,Cellar._withdrawInProportion
FNDA:518,Cellar._withdrawInProportion
DA:1091,518
DA:1092,2070
DA:1093,2070
DA:1096,2070
BRDA:1096,31,0,520
BRDA:1096,31,1,1550
DA:1099,1550
DA:1103,1550
BRDA:1103,32,0,4
BRDA:1103,32,1,1546
DA:1106,1546
DA:1108,1546
FN:1122,Cellar.totalAssets
FNDA:24398,Cellar.totalAssets
DA:1123,94957
DA:1124,94957
DA:1125,94957
DA:1127,94957
DA:1128,369188
DA:1129,369188
DA:1130,369188
DA:1133,94957
DA:1134,94957
FN:1141,Cellar.totalAssetsWithdrawable
FNDA:1,Cellar.totalAssetsWithdrawable
DA:1142,1291
DA:1143,1291
DA:1144,1291
DA:1146,1291
DA:1147,5154
DA:1148,5154
DA:1149,5154
DA:1152,1291
DA:1153,1291
FN:1162,Cellar.convertToAssets
FNDA:2048,Cellar.convertToAssets
DA:1163,2048
FN:1171,Cellar.convertToShares
FNDA:257,Cellar.convertToShares
DA:1172,257
FN:1180,Cellar.previewMint
FNDA:5120,Cellar.previewMint
DA:1181,5120
DA:1182,5120
DA:1183,5120
FN:1191,Cellar.previewWithdraw
FNDA:3587,Cellar.previewWithdraw
DA:1192,3587
DA:1193,3587
DA:1194,3587
FN:1202,Cellar.previewDeposit
FNDA:4353,Cellar.previewDeposit
DA:1203,5641
DA:1204,5641
DA:1205,5641
FN:1213,Cellar.previewRedeem
FNDA:12358,Cellar.previewRedeem
DA:1214,12358
DA:1215,12358
DA:1216,12358
FN:1224,Cellar.maxWithdraw
FNDA:1294,Cellar.maxWithdraw
DA:1226,1294
DA:1227,1294
BRDA:1227,33,0,1
BRDA:1227,33,1,1291
DA:1228,1292
DA:1229,1292
BRDA:1229,34,0,1
BRDA:1229,34,1,1291
DA:1232,1293
DA:1233,1293
DA:1234,1293
DA:1236,1293
BRDA:1236,35,0,326
BRDA:1236,35,1,964
DA:1237,1290
DA:1238,1290
DA:1240,3
DA:1241,3
DA:1242,3
DA:1243,3
DA:1244,3
DA:1245,11
BRDA:1245,36,0,9
BRDA:1245,36,1,10
DA:1246,9
BRDA:1246,37,0,1
BRDA:1246,37,1,8
DA:1247,8
DA:1248,8
BRDA:1248,38,0,3
BRDA:1248,38,1,8
DA:1249,3
DA:1251,2
DA:1252,2
FN:1262,Cellar._convertToAssets
FNDA:32668,Cellar._convertToAssets
DA:1263,32668
DA:1265,32668
FN:1273,Cellar._convertToShares
FNDA:31372,Cellar._convertToShares
DA:1274,31372
DA:1276,31372
FN:1284,Cellar._previewMint
FNDA:11011,Cellar._previewMint
DA:1285,11011
DA:1287,11011
FN:1295,Cellar._previewWithdraw
FNDA:7450,Cellar._previewWithdraw
DA:1296,7450
DA:1298,7450
FN:1307,Cellar._getData
FNDA:9062,Cellar._getData
DA:1318,9062
DA:1320,9062
DA:1321,9062
DA:1322,9062
DA:1323,9062
DA:1324,9062
DA:1326,9062
DA:1327,38624
DA:1329,38624
DA:1330,38624
DA:1331,38624
DA:1332,38624
DA:1335,9062
DA:1336,9062
FN:1390,Cellar.setRebalanceDeviation
FNDA:1281,Cellar.setRebalanceDeviation
DA:1391,1281
BRDA:1391,39,0,1
BRDA:1391,39,1,1280
DA:1392,1
DA:1394,1280
DA:1395,1280
DA:1397,1280
FN:1407,Cellar.rebalance
FNDA:4880,Cellar.rebalance
DA:1415,4879
BRDA:1415,40,0,1
BRDA:1415,40,1,4878
DA:1418,4878
DA:1419,4878
DA:1422,4878
DA:1425,4878
DA:1426,4878
DA:1427,4878
DA:1432,4876
DA:1435,4876
DA:1436,4876
DA:1437,4876
DA:1438,4876
BRDA:1438,41,0,256
BRDA:1438,41,1,4620
DA:1439,256
DA:1440,4620
BRDA:1440,42,0,1
BRDA:1440,42,1,4619
DA:1442,4619
FN:1455,Cellar.maxDeposit
FNDA:2048,Cellar.maxDeposit
DA:1456,19487
BRDA:1456,43,0,256
BRDA:1456,43,1,19231
DA:1458,19231
DA:1459,19231
DA:1460,19231
BRDA:1460,44,0,16415
BRDA:1460,44,1,2816
DA:1461,16415
DA:1464,2816
DA:1465,2816
DA:1467,2816
DA:1468,2816
DA:1471,2816
FN:1482,Cellar.maxMint
FNDA:2048,Cellar.maxMint
DA:1483,2048
BRDA:1483,45,0,256
BRDA:1483,45,1,1792
DA:1485,1792
DA:1486,1792
DA:1487,1792
BRDA:1487,46,0,256
BRDA:1487,46,1,1536
DA:1488,256
DA:1491,1536
DA:1492,1536
DA:1494,1536
DA:1495,1536
DA:1498,1536
FN:1518,Cellar.resetHighWatermark
FNDA:768,Cellar.resetHighWatermark
DA:1519,768
DA:1520,768
DA:1522,768
FN:1530,Cellar._previewPerformanceFees
FNDA:62180,Cellar._previewPerformanceFees
DA:1531,62180
DA:1532,62180
BRDA:1532,47,0,12840
BRDA:1532,47,1,49340
DA:1534,49340
DA:1536,49340
BRDA:1536,48,0,6361
BRDA:1536,48,1,49340
DA:1537,6361
DA:1538,6361
FN:1548,Cellar._takePerformanceFees
FNDA:34181,Cellar._takePerformanceFees
DA:1549,34181
DA:1550,34181
BRDA:1550,49,0,4447
BRDA:1550,49,1,4448
DA:1551,4448
DA:1552,4448
BRDA:1552,50,0,4447
BRDA:1552,50,1,4448
DA:1553,4447
DA:1554,4447
FN:1562,Cellar._convertToFees
FNDA:12128,Cellar._convertToFees
DA:1564,12128
DA:1568,12128
BRDA:1568,51,0,12127
BRDA:1568,51,1,12128
DA:1570,12127
DA:1571,12127
FN:1588,Cellar.sendFees
FNDA:7681,Cellar.sendFees
DA:1589,7681
DA:1590,7681
BRDA:1590,52,0,1
BRDA:1590,52,1,7680
DA:1592,7680
DA:1595,7680
DA:1597,7680
DA:1599,7680
DA:1602,7680
DA:1603,7680
DA:1604,7680
DA:1605,7680
DA:1606,7680
DA:1608,7680
DA:1609,7680
BRDA:1609,53,0,7168
BRDA:1609,53,1,7680
DA:1611,7168
DA:1613,7168
DA:1616,7680
DA:1619,7680
DA:1620,7680
BRDA:1620,54,0,-
BRDA:1620,54,1,7164
DA:1622,7164
DA:1624,7164
DA:1627,7164
DA:1628,7164
DA:1629,7164
DA:1632,7680
FN:1642,Cellar._depositTo
FNDA:22067,Cellar._depositTo
DA:1643,22067
DA:1646,22067
BRDA:1646,55,0,1
BRDA:1646,55,1,2323
DA:1647,2324
DA:1648,2324
FN:1658,Cellar._withdrawFrom
FNDA:17264,Cellar._withdrawFrom
DA:1663,17264
DA:1666,17264
BRDA:1666,56,0,-
BRDA:1666,56,1,2668
DA:1667,2668
DA:1669,14596
BRDA:1669,57,0,10747
BRDA:1669,57,1,14596
FN:1677,Cellar._withdrawableFrom
FNDA:43778,Cellar._withdrawableFrom
DA:1678,43778
DA:1680,43778
BRDA:1680,58,0,-
BRDA:1680,58,1,16359
DA:1681,16359
DA:1683,27419
FN:1693,Cellar._balanceOf
FNDA:407816,Cellar._balanceOf
DA:1694,407816
DA:1696,407816
BRDA:1696,59,0,-
BRDA:1696,59,1,135523
DA:1697,135523
DA:1699,272293
FN:1707,Cellar._assetOf
FNDA:424310,Cellar._assetOf
DA:1708,424310
DA:1710,424310
BRDA:1710,60,0,-
BRDA:1710,60,1,141455
DA:1711,141455
DA:1713,282855
FN:1731,Cellar._swap
FNDA:3586,Cellar._swap
DA:1740,3586
DA:1743,3586
DA:1746,3586
DA:1749,3586
DA:1753,3585
BRDA:1753,61,0,1
BRDA:1753,61,1,3584
FNF:60
FNH:60
LF:333
LH:333
BRF:124
BRH:119
end_of_record
TN:
SF:src/base/ERC4626.sol
FN:47,ERC4626.deposit
FNDA:2321,ERC4626.deposit
DA:49,2321
BRDA:49,0,0,-
BRDA:49,0,1,2321
DA:51,2321
DA:54,2321
DA:56,2321
DA:58,2321
DA:60,2321
FN:63,ERC4626.mint
FNDA:0,ERC4626.mint
DA:64,0
DA:66,0
DA:69,0
DA:71,0
DA:73,0
DA:75,0
FN:78,ERC4626.withdraw
FNDA:2667,ERC4626.withdraw
DA:83,2667
DA:85,2667
BRDA:85,1,0,-
BRDA:85,1,1,2667
DA:86,0
DA:89,2667
DA:91,2667
DA:93,2667
DA:95,2667
DA:97,2667
FN:100,ERC4626.redeem
FNDA:0,ERC4626.redeem
DA:105,0
BRDA:105,2,0,-
BRDA:105,2,1,-
DA:106,0
DA:110,0
BRDA:110,3,0,-
BRDA:110,3,1,-
DA:112,0
DA:114,0
DA:116,0
DA:118,0
DA:120,0
FN:129,ERC4626.convertToShares
FNDA:0,ERC4626.convertToShares
DA:130,2321
DA:132,2321
FN:135,ERC4626.convertToAssets
FNDA:0,ERC4626.convertToAssets
DA:136,145562
DA:138,145562
FN:141,ERC4626.previewDeposit
FNDA:0,ERC4626.previewDeposit
DA:142,2321
FN:145,ERC4626.previewMint
FNDA:0,ERC4626.previewMint
DA:146,0
DA:148,0
FN:151,ERC4626.previewWithdraw
FNDA:0,ERC4626.previewWithdraw
DA:152,2667
DA:154,2667
FN:157,ERC4626.previewRedeem
FNDA:135519,ERC4626.previewRedeem
DA:158,135519
FN:165,ERC4626.maxDeposit
FNDA:0,ERC4626.maxDeposit
DA:166,0
FN:169,ERC4626.maxMint
FNDA:0,ERC4626.maxMint
DA:170,0
FN:173,ERC4626.maxWithdraw
FNDA:10043,ERC4626.maxWithdraw
DA:174,10043
FN:177,ERC4626.maxRedeem
FNDA:1024,ERC4626.maxRedeem
DA:178,1024
FN:185,ERC4626.beforeDeposit
FNDA:2321,ERC4626.beforeDeposit
FN:191,ERC4626.afterDeposit
FNDA:2321,ERC4626.afterDeposit
FN:197,ERC4626.beforeWithdraw
FNDA:2667,ERC4626.beforeWithdraw
FN:204,ERC4626.afterWithdraw
FNDA:10687,ERC4626.afterWithdraw
FNF:18
FNH:9
LF:42
LH:23
BRF:8
BRH:2
end_of_record
TN:
SF:src/base/Multicall.sol
FN:13,Multicall.multicall
FNDA:1,Multicall.multicall
DA:14,1
DA:15,1
DA:16,3
DA:18,3
BRDA:18,0,0,-
BRDA:18,0,1,-
DA:21,0
BRDA:21,1,0,-
BRDA:21,1,1,-
DA:23,0
DA:25,0
DA:28,3
FNF:1
FNH:1
LF:8
LH:5
BRF:4
BRH:0
end_of_record
TN:
SF:src/mocks/LockedERC4626.sol
FN:23,LockedERC4626.totalAssets
FNDA:0,LockedERC4626.totalAssets
DA:24,38737
FN:28,LockedERC4626.maxWithdraw
FNDA:6315,LockedERC4626.maxWithdraw
DA:29,6315
FNF:2
FNH:1
LF:2
LH:2
BRF:0
BRH:0
end_of_record
TN:
SF:src/mocks/MockCellar.sol
FN:36,MockCellar.depositIntoPosition
FNDA:0,MockCellar.depositIntoPosition
DA:41,0
DA:43,0
FN:46,MockCellar.depositIntoPosition
FNDA:1288,MockCellar.depositIntoPosition
DA:47,1288
DA:50,1288
FN:53,MockCellar._depositIntoPosition
FNDA:1288,MockCellar._depositIntoPosition
DA:54,1288
DA:56,1288
DA:57,1288
DA:58,1288
DA:60,1288
DA:62,1288
DA:63,1288
FN:66,MockCellar.getData
FNDA:259,MockCellar.getData
DA:77,259
FNF:4
FNH:3
LF:12
LH:10
BRF:0
BRH:0
end_of_record
TN:
SF:src/mocks/MockERC20.sol
FN:14,MockERC20.decimals
FNDA:217,MockERC20.decimals
DA:15,217
FN:18,MockERC20.mint
FNDA:0,MockERC20.mint
DA:19,0
FN:22,MockERC20.burn
FNDA:0,MockERC20.burn
DA:23,0
FNF:3
FNH:1
LF:3
LH:1
BRF:0
BRH:0
end_of_record
TN:
SF:src/mocks/MockERC4626.sol
FN:22,MockERC4626.decimals
FNDA:0,MockERC4626.decimals
DA:23,0
FN:26,MockERC4626.mint
FNDA:0,MockERC4626.mint
DA:27,0
FN:30,MockERC4626.burn
FNDA:0,MockERC4626.burn
DA:31,0
FN:34,MockERC4626.totalAssets
FNDA:0,MockERC4626.totalAssets
DA:35,4654
FNF:4
FNH:0
LF:4
LH:1
BRF:0
BRH:0
end_of_record
TN:
SF:src/mocks/MockExchange.sol
FN:120,Path.hasMultiplePools
FNDA:0,Path.hasMultiplePools
DA:121,0
FN:129,Path.decodeFirstPool
FNDA:0,Path.decodeFirstPool
DA:138,0
DA:139,0
DA:140,0
FN:146,Path.getFirstPool
FNDA:0,Path.getFirstPool
DA:147,0
FN:153,Path.skipToken
FNDA:0,Path.skipToken
DA:154,0
FN:10,BytesLib.slice
FNDA:0,BytesLib.slice
DA:15,0
BRDA:15,0,0,-
BRDA:15,0,1,-
DA:16,0
BRDA:16,1,0,-
BRDA:16,1,1,-
DA:17,0
BRDA:17,2,0,-
BRDA:17,2,1,-
DA:19,0
DA:73,0
FN:76,BytesLib.toAddress
FNDA:0,BytesLib.toAddress
DA:77,0
BRDA:77,3,0,-
BRDA:77,3,1,-
DA:78,0
BRDA:78,4,0,-
BRDA:78,4,1,-
DA:79,0
DA:82,0
DA:85,0
FN:88,BytesLib.toUint24
FNDA:0,BytesLib.toUint24
DA:89,0
BRDA:89,5,0,-
BRDA:89,5,1,-
DA:90,0
BRDA:90,6,0,-
BRDA:90,6,1,-
DA:91,0
DA:94,0
DA:97,0
FN:182,MockExchange.exactInputSingle
FNDA:0,MockExchange.exactInputSingle
DA:183,0
DA:184,0
DA:186,0
DA:188,0
DA:189,0
DA:191,0
BRDA:191,0,0,-
BRDA:191,0,1,-
DA:193,0
DA:194,0
FN:197,MockExchange.exactInput
FNDA:0,MockExchange.exactInput
DA:198,0
DA:199,0
DA:200,0
DA:202,0
DA:203,0
DA:204,0
DA:205,0
DA:208,0
DA:210,0
DA:211,0
DA:213,0
BRDA:213,1,0,-
BRDA:213,1,1,-
DA:215,0
DA:216,0
FN:219,MockExchange.swapExactTokensForTokens
FNDA:3585,MockExchange.swapExactTokensForTokens
DA:226,3585
DA:227,3585
DA:229,3585
DA:231,3585
DA:232,3585
DA:234,3585
BRDA:234,2,0,-
BRDA:234,2,1,3585
DA:236,3585
DA:238,3585
DA:239,3585
DA:241,3585
FN:244,MockExchange.exchange_multiple
FNDA:0,MockExchange.exchange_multiple
DA:250,0
DA:252,0
DA:253,0
DA:254,0
BRDA:254,3,0,-
BRDA:254,3,1,-
DA:255,0
DA:256,0
DA:260,0
DA:262,0
DA:263,0
DA:265,0
BRDA:265,4,0,-
BRDA:265,4,1,-
DA:267,0
DA:269,0
FN:272,MockExchange.quote
FNDA:512,MockExchange.quote
DA:273,512
DA:274,512
DA:276,512
DA:277,512
FNF:12
FNH:2
LF:68
LH:14
BRF:24
BRH:1
end_of_record
TN:
SF:src/mocks/MockGravity.sol
FN:11,MockGravity.sendToCosmos
FNDA:0,MockGravity.sendToCosmos
DA:17,0
DA:20,0
DA:24,0
DA:28,0
BRDA:28,0,0,-
BRDA:28,0,1,-
DA:29,0
FNF:1
FNH:0
LF:5
LH:0
BRF:2
BRH:0
end_of_record
TN:
SF:src/mocks/MockPriceRouter.sol
FN:15,MockPriceRouter.setExchangeRate
FNDA:16431,MockPriceRouter.setExchangeRate
DA:20,16431
FN:23,MockPriceRouter.getValues
FNDA:101722,MockPriceRouter.getValues
DA:28,101722
FN:31,MockPriceRouter.getValue
FNDA:9503,MockPriceRouter.getValue
DA:36,408117
FN:39,MockPriceRouter.supportAsset
FNDA:292,MockPriceRouter.supportAsset
DA:40,292
FNF:4
FNH:4
LF:4
LH:4
BRF:0
BRH:0
end_of_record
TN:
SF:src/mocks/ReentrancyERC4626.sol
FN:25,ReentrancyERC4626.totalAssets
FNDA:0,ReentrancyERC4626.totalAssets
DA:26,0
FN:29,ReentrancyERC4626.deposit
FNDA:2,ReentrancyERC4626.deposit
DA:30,2
BRDA:30,0,0,1
BRDA:30,0,1,-
DA:32,1
DA:34,1
DA:37,1
DA:40,0
DA:42,1
DA:43,1
DA:44,1
FNF:2
FNH:1
LF:9
LH:7
BRF:2
BRH:1
end_of_record
TN:
SF:src/modules/price-router/PriceRouter.sol
FN:98,PriceRouter.addAsset
FNDA:14,PriceRouter.addAsset
DA:105,14
BRDA:105,0,0,1
BRDA:105,0,1,13
DA:108,13
DA:109,13
DA:112,13
BRDA:112,1,0,2
BRDA:112,1,1,11
DA:116,11
DA:117,11
DA:119,11
BRDA:119,2,0,6
BRDA:119,2,1,5
DA:120,6
DA:122,5
BRDA:122,3,0,1
BRDA:122,3,1,4
DA:125,10
BRDA:125,4,0,5
BRDA:125,4,1,5
DA:126,5
DA:128,5
BRDA:128,5,0,1
BRDA:128,5,1,4
DA:131,9
BRDA:131,6,0,1
BRDA:131,6,1,8
DA:133,8
DA:141,8
FN:144,PriceRouter.isSupported
FNDA:1,PriceRouter.isSupported
DA:145,1
FN:157,PriceRouter.getValue
FNDA:1032,PriceRouter.getValue
DA:162,1032
FN:177,PriceRouter.getValues
FNDA:4108,PriceRouter.getValues
DA:182,4108
DA:183,4108
BRDA:183,7,0,256
BRDA:183,7,1,3852
DA:185,3852
DA:187,3852
DA:188,15128
DA:190,15128
FN:203,PriceRouter.getExchangeRate
FNDA:19,PriceRouter.getExchangeRate
DA:204,1051
FN:213,PriceRouter.getExchangeRates
FNDA:9,PriceRouter.getExchangeRates
DA:218,9
DA:220,9
DA:221,9
DA:222,9
DA:223,13
FN:232,PriceRouter.getPriceRange
FNDA:6,PriceRouter.getPriceRange
DA:241,12
DA:243,12
BRDA:243,8,0,2
BRDA:243,8,1,10
DA:245,10
FN:254,PriceRouter.getPriceRanges
FNDA:2,PriceRouter.getPriceRanges
DA:263,2
DA:264,2
DA:265,2
FN:273,PriceRouter._remap
FNDA:32376,PriceRouter._remap
DA:274,32376
BRDA:274,9,0,4637
BRDA:274,9,1,27739
DA:275,27739
BRDA:275,10,0,3854
BRDA:275,10,1,23885
DA:276,23885
FN:285,PriceRouter._getExchangeRate
FNDA:16192,PriceRouter._getExchangeRate
DA:290,16192
FN:342,PriceRouter.getValueInUSD
FNDA:3,PriceRouter.getValueInUSD
DA:343,32371
DA:346,32371
BRDA:346,11,0,8
BRDA:346,11,1,32363
DA:349,32363
DA:351,32363
BRDA:351,12,0,-
BRDA:351,12,1,32100
DA:353,32100
DA:354,32100
DA:355,32100
DA:358,263
DA:359,263
DA:360,263
DA:363,263
FN:380,PriceRouter._getPriceRange
FNDA:13,PriceRouter._getPriceRange
DA:389,13
FN:415,PriceRouter._getExchangeRateFromETHToUSD
FNDA:263,PriceRouter._getExchangeRateFromETHToUSD
DA:416,263
DA:417,263
DA:418,263
FN:428,PriceRouter._checkPriceFeed
FNDA:32626,PriceRouter._checkPriceFeed
DA:434,32626
DA:435,32626
BRDA:435,13,0,9
BRDA:435,13,1,32617
DA:437,32617
DA:438,32617
BRDA:438,14,0,9
BRDA:438,14,1,32608
DA:440,32608
DA:441,32608
DA:442,32608
BRDA:442,15,0,9
BRDA:442,15,1,32599
DA:443,9
FNF:14
FNH:14
LF:62
LH:62
BRF:32
BRH:31
end_of_record
TN:
SF:src/modules/swap-router/SwapRouter.sol
FN:88,SwapRouter.swap
FNDA:5649,SwapRouter.swap
DA:96,5649
DA:100,5649
BRDA:100,0,0,10
BRDA:100,0,1,2
DA:103,12
BRDA:103,1,0,10
BRDA:103,1,1,2
DA:109,2
DA:113,5637
FN:125,SwapRouter.swapWithUniV2
FNDA:4874,SwapRouter.swapWithUniV2
DA:131,4874
DA:137,4872
BRDA:137,2,0,-
BRDA:137,2,1,-
DA:138,4872
BRDA:138,3,0,-
BRDA:138,3,1,1
DA:139,1
DA:142,4871
DA:145,4868
DA:148,4868
DA:156,4868
FN:169,SwapRouter.swapWithUniV3
FNDA:775,SwapRouter.swapWithUniV3
DA:175,775
DA:181,775
BRDA:181,4,0,-
BRDA:181,4,1,2
DA:182,773
BRDA:182,5,0,-
BRDA:182,5,1,2
DA:183,2
DA:186,771
DA:189,769
DA:192,769
DA:193,769
DA:194,1281
DA:197,769
FNF:3
FNH:3
LF:23
LH:23
BRF:12
BRH:7
end_of_record
TN:
SF:src/utils/AddressArray.sol
FN:18,AddressArray.add
FNDA:0,AddressArray.add
DA:23,0
DA:25,0
BRDA:25,0,0,-
BRDA:25,0,1,-
DA:26,0
DA:28,0
DA:30,0
DA:32,0
FN:41,AddressArray.remove
FNDA:0,AddressArray.remove
DA:42,0
DA:44,0
BRDA:44,1,0,-
BRDA:44,1,1,-
DA:46,0
DA:48,0
FN:56,AddressArray.remove
FNDA:0,AddressArray.remove
DA:57,0
DA:59,0
DA:60,0
BRDA:60,2,0,-
BRDA:60,2,1,-
DA:61,0
DA:63,0
DA:65,0
DA:68,0
FN:76,AddressArray.contains
FNDA:0,AddressArray.contains
DA:77,0
BRDA:77,3,0,-
BRDA:77,3,1,-
DA:79,0
FNF:4
FNH:0
LF:19
LH:0
BRF:8
BRH:0
end_of_record
TN:
SF:src/utils/Math.sol
FN:8,Math.subMinZero
FNDA:0,Math.subMinZero
DA:9,0
FN:15,Math.changeDecimals
FNDA:0,Math.changeDecimals
DA:20,0
BRDA:20,0,0,-
BRDA:20,0,1,-
DA:21,0
DA:22,0
BRDA:22,1,0,-
BRDA:22,1,1,-
DA:23,0
DA:25,0
FN:31,Math.min
FNDA:0,Math.min
DA:32,0
FN:39,Math.mulWadDown
FNDA:0,Math.mulWadDown
DA:40,0
FN:43,Math.mulDivDown
FNDA:0,Math.mulDivDown
DA:50,0
DA:53,0
BRDA:53,2,0,-
DA:58,0
FN:62,Math.mulDivUp
FNDA:0,Math.mulDivUp
DA:69,0
DA:72,0
BRDA:72,3,0,-
DA:79,0
FNF:6
FNH:0
LF:14
LH:0
BRF:6
BRH:0
end_of_record
TN:
SF:src/utils/SafeCast.sol
FN:34,SafeCast.toUint248
FNDA:0,SafeCast.toUint248
DA:35,0
BRDA:35,0,0,-
BRDA:35,0,1,-
DA:36,0
FN:51,SafeCast.toUint240
FNDA:0,SafeCast.toUint240
DA:52,0
BRDA:52,1,0,-
BRDA:52,1,1,-
DA:53,0
FN:68,SafeCast.toUint232
FNDA:0,SafeCast.toUint232
DA:69,0
BRDA:69,2,0,-
BRDA:69,2,1,-
DA:70,0
FN:85,SafeCast.toUint224
FNDA:0,SafeCast.toUint224
DA:86,0
BRDA:86,3,0,-
BRDA:86,3,1,-
DA:87,0
FN:102,SafeCast.toUint216
FNDA:0,SafeCast.toUint216
DA:103,0
BRDA:103,4,0,-
BRDA:103,4,1,-
DA:104,0
FN:119,SafeCast.toUint208
FNDA:0,SafeCast.toUint208
DA:120,0
BRDA:120,5,0,-
BRDA:120,5,1,-
DA:121,0
FN:136,SafeCast.toUint200
FNDA:0,SafeCast.toUint200
DA:137,0
BRDA:137,6,0,-
BRDA:137,6,1,-
DA:138,0
FN:153,SafeCast.toUint192
FNDA:0,SafeCast.toUint192
DA:154,0
BRDA:154,7,0,-
BRDA:154,7,1,-
DA:155,0
FN:170,SafeCast.toUint184
FNDA:0,SafeCast.toUint184
DA:171,0
BRDA:171,8,0,-
BRDA:171,8,1,-
DA:172,0
FN:187,SafeCast.toUint176
FNDA:0,SafeCast.toUint176
DA:188,0
BRDA:188,9,0,-
BRDA:188,9,1,-
DA:189,0
FN:204,SafeCast.toUint168
FNDA:0,SafeCast.toUint168
DA:205,0
BRDA:205,10,0,-
BRDA:205,10,1,-
DA:206,0
FN:221,SafeCast.toUint160
FNDA:0,SafeCast.toUint160
DA:222,0
BRDA:222,11,0,-
BRDA:222,11,1,-
DA:223,0
FN:238,SafeCast.toUint152
FNDA:0,SafeCast.toUint152
DA:239,0
BRDA:239,12,0,-
BRDA:239,12,1,-
DA:240,0
FN:255,SafeCast.toUint144
FNDA:0,SafeCast.toUint144
DA:256,0
BRDA:256,13,0,-
BRDA:256,13,1,-
DA:257,0
FN:272,SafeCast.toUint136
FNDA:0,SafeCast.toUint136
DA:273,0
BRDA:273,14,0,-
BRDA:273,14,1,-
DA:274,0
FN:289,SafeCast.toUint128
FNDA:0,SafeCast.toUint128
DA:290,0
BRDA:290,15,0,-
BRDA:290,15,1,-
DA:291,0
FN:306,SafeCast.toUint120
FNDA:0,SafeCast.toUint120
DA:307,0
BRDA:307,16,0,-
BRDA:307,16,1,-
DA:308,0
FN:323,SafeCast.toUint112
FNDA:0,SafeCast.toUint112
DA:324,0
BRDA:324,17,0,-
BRDA:324,17,1,-
DA:325,0
FN:340,SafeCast.toUint104
FNDA:0,SafeCast.toUint104
DA:341,0
BRDA:341,18,0,-
BRDA:341,18,1,-
DA:342,0
FN:357,SafeCast.toUint96
FNDA:0,SafeCast.toUint96
DA:358,0
BRDA:358,19,0,-
BRDA:358,19,1,-
DA:359,0
FN:374,SafeCast.toUint88
FNDA:0,SafeCast.toUint88
DA:375,0
BRDA:375,20,0,-
BRDA:375,20,1,-
DA:376,0
FN:391,SafeCast.toUint80
FNDA:0,SafeCast.toUint80
DA:392,0
BRDA:392,21,0,-
BRDA:392,21,1,-
DA:393,0
FN:408,SafeCast.toUint72
FNDA:0,SafeCast.toUint72
DA:409,0
BRDA:409,22,0,-
BRDA:409,22,1,-
DA:410,0
FN:425,SafeCast.toUint64
FNDA:0,SafeCast.toUint64
DA:426,0
BRDA:426,23,0,-
BRDA:426,23,1,-
DA:427,0
FN:442,SafeCast.toUint56
FNDA:0,SafeCast.toUint56
DA:443,0
BRDA:443,24,0,-
BRDA:443,24,1,-
DA:444,0
FN:459,SafeCast.toUint48
FNDA:0,SafeCast.toUint48
DA:460,0
BRDA:460,25,0,-
BRDA:460,25,1,-
DA:461,0
FN:476,SafeCast.toUint40
FNDA:0,SafeCast.toUint40
DA:477,0
BRDA:477,26,0,-
BRDA:477,26,1,-
DA:478,0
FN:493,SafeCast.toUint32
FNDA:0,SafeCast.toUint32
DA:494,0
BRDA:494,27,0,-
BRDA:494,27,1,-
DA:495,0
FN:510,SafeCast.toUint24
FNDA:0,SafeCast.toUint24
DA:511,0
BRDA:511,28,0,-
BRDA:511,28,1,-
DA:512,0
FN:527,SafeCast.toUint16
FNDA:0,SafeCast.toUint16
DA:528,0
BRDA:528,29,0,-
BRDA:528,29,1,-
DA:529,0
FN:544,SafeCast.toUint8
FNDA:0,SafeCast.toUint8
DA:545,0
BRDA:545,30,0,-
BRDA:545,30,1,-
DA:546,0
FN:558,SafeCast.toUint256
FNDA:0,SafeCast.toUint256
DA:559,0
BRDA:559,31,0,-
BRDA:559,31,1,-
DA:560,0
FN:576,SafeCast.toInt248
FNDA:0,SafeCast.toInt248
DA:577,0
BRDA:577,32,0,-
BRDA:577,32,1,-
DA:578,0
FN:594,SafeCast.toInt240
FNDA:0,SafeCast.toInt240
DA:595,0
BRDA:595,33,0,-
BRDA:595,33,1,-
DA:596,0
FN:612,SafeCast.toInt232
FNDA:0,SafeCast.toInt232
DA:613,0
BRDA:613,34,0,-
BRDA:613,34,1,-
DA:614,0
FN:630,SafeCast.toInt224
FNDA:0,SafeCast.toInt224
DA:631,0
BRDA:631,35,0,-
BRDA:631,35,1,-
DA:632,0
FN:648,SafeCast.toInt216
FNDA:0,SafeCast.toInt216
DA:649,0
BRDA:649,36,0,-
BRDA:649,36,1,-
DA:650,0
FN:666,SafeCast.toInt208
FNDA:0,SafeCast.toInt208
DA:667,0
BRDA:667,37,0,-
BRDA:667,37,1,-
DA:668,0
FN:684,SafeCast.toInt200
FNDA:0,SafeCast.toInt200
DA:685,0
BRDA:685,38,0,-
BRDA:685,38,1,-
DA:686,0
FN:702,SafeCast.toInt192
FNDA:0,SafeCast.toInt192
DA:703,0
BRDA:703,39,0,-
BRDA:703,39,1,-
DA:704,0
FN:720,SafeCast.toInt184
FNDA:0,SafeCast.toInt184
DA:721,0
BRDA:721,40,0,-
BRDA:721,40,1,-
DA:722,0
FN:738,SafeCast.toInt176
FNDA:0,SafeCast.toInt176
DA:739,0
BRDA:739,41,0,-
BRDA:739,41,1,-
DA:740,0
FN:756,SafeCast.toInt168
FNDA:0,SafeCast.toInt168
DA:757,0
BRDA:757,42,0,-
BRDA:757,42,1,-
DA:758,0
FN:774,SafeCast.toInt160
FNDA:0,SafeCast.toInt160
DA:775,0
BRDA:775,43,0,-
BRDA:775,43,1,-
DA:776,0
FN:792,SafeCast.toInt152
FNDA:0,SafeCast.toInt152
DA:793,0
BRDA:793,44,0,-
BRDA:793,44,1,-
DA:794,0
FN:810,SafeCast.toInt144
FNDA:0,SafeCast.toInt144
DA:811,0
BRDA:811,45,0,-
BRDA:811,45,1,-
DA:812,0
FN:828,SafeCast.toInt136
FNDA:0,SafeCast.toInt136
DA:829,0
BRDA:829,46,0,-
BRDA:829,46,1,-
DA:830,0
FN:846,SafeCast.toInt128
FNDA:0,SafeCast.toInt128
DA:847,0
BRDA:847,47,0,-
BRDA:847,47,1,-
DA:848,0
FN:864,SafeCast.toInt120
FNDA:0,SafeCast.toInt120
DA:865,0
BRDA:865,48,0,-
BRDA:865,48,1,-
DA:866,0
FN:882,SafeCast.toInt112
FNDA:0,SafeCast.toInt112
DA:883,0
BRDA:883,49,0,-
BRDA:883,49,1,-
DA:884,0
FN:900,SafeCast.toInt104
FNDA:0,SafeCast.toInt104
DA:901,0
BRDA:901,50,0,-
BRDA:901,50,1,-
DA:902,0
FN:918,SafeCast.toInt96
FNDA:0,SafeCast.toInt96
DA:919,0
BRDA:919,51,0,-
BRDA:919,51,1,-
DA:920,0
FN:936,SafeCast.toInt88
FNDA:0,SafeCast.toInt88
DA:937,0
BRDA:937,52,0,-
BRDA:937,52,1,-
DA:938,0
FN:954,SafeCast.toInt80
FNDA:0,SafeCast.toInt80
DA:955,0
BRDA:955,53,0,-
BRDA:955,53,1,-
DA:956,0
FN:972,SafeCast.toInt72
FNDA:0,SafeCast.toInt72
DA:973,0
BRDA:973,54,0,-
BRDA:973,54,1,-
DA:974,0
FN:990,SafeCast.toInt64
FNDA:0,SafeCast.toInt64
DA:991,0
BRDA:991,55,0,-
BRDA:991,55,1,-
DA:992,0
FN:1008,SafeCast.toInt56
FNDA:0,SafeCast.toInt56
DA:1009,0
BRDA:1009,56,0,-
BRDA:1009,56,1,-
DA:1010,0
FN:1026,SafeCast.toInt48
FNDA:0,SafeCast.toInt48
DA:1027,0
BRDA:1027,57,0,-
BRDA:1027,57,1,-
DA:1028,0
FN:1044,SafeCast.toInt40
FNDA:0,SafeCast.toInt40
DA:1045,0
BRDA:1045,58,0,-
BRDA:1045,58,1,-
DA:1046,0
FN:1062,SafeCast.toInt32
FNDA:0,SafeCast.toInt32
DA:1063,0
BRDA:1063,59,0,-
BRDA:1063,59,1,-
DA:1064,0
FN:1080,SafeCast.toInt24
FNDA:0,SafeCast.toInt24
DA:1081,0
BRDA:1081,60,0,-
BRDA:1081,60,1,-
DA:1082,0
FN:1098,SafeCast.toInt16
FNDA:0,SafeCast.toInt16
DA:1099,0
BRDA:1099,61,0,-
BRDA:1099,61,1,-
DA:1100,0
FN:1116,SafeCast.toInt8
FNDA:0,SafeCast.toInt8
DA:1117,0
BRDA:1117,62,0,-
BRDA:1117,62,1,-
DA:1118,0
FN:1130,SafeCast.toInt256
FNDA:0,SafeCast.toInt256
DA:1132,0
BRDA:1132,63,0,-
BRDA:1132,63,1,-
DA:1133,0
FN:1145,SafeCast.toInt248
FNDA:0,SafeCast.toInt248
DA:1147,0
BRDA:1147,64,0,-
BRDA:1147,64,1,-
DA:1148,0
FNF:65
FNH:0
LF:130
LH:0
BRF:130
BRH:0
end_of_record
TN:
SF:src/utils/SigUtils.sol
FN:23,SigUtils.getStructHash
FNDA:0,SigUtils.getStructHash
DA:24,0
FN:38,SigUtils.getTypedDataHash
FNDA:0,SigUtils.getTypedDataHash
DA:39,0
FNF:2
FNH:0
LF:2
LH:0
BRF:0
BRH:0
end_of_record
TN:
SF:test/SwapRouter.t.sol
FN:147,UniswapV2SwapRouterTest._doSwap
FNDA:258,UniswapV2SwapRouterTest._doSwap
DA:148,258
DA:149,258
DA:150,258
DA:152,258
DA:153,258
FN:156,UniswapV2SwapRouterTest._doMultiSwap
FNDA:256,UniswapV2SwapRouterTest._doMultiSwap
DA:157,256
DA:158,256
DA:159,256
DA:160,256
DA:162,256
DA:163,256
FN:168,UniswapV3SwapRouterTest._doSwap
FNDA:258,UniswapV3SwapRouterTest._doSwap
DA:169,258
DA:170,258
DA:171,258
DA:173,258
DA:174,258
DA:176,258
DA:177,258
FN:180,UniswapV3SwapRouterTest._doMultiSwap
FNDA:256,UniswapV3SwapRouterTest._doMultiSwap
DA:181,256
DA:182,256
DA:183,256
DA:184,256
DA:186,256
DA:187,256
DA:188,256
DA:190,256
DA:191,256
FNF:4
FNH:4
LF:27
LH:27
BRF:0
BRH:0
end_of_record
